date: "2014-09-22 20:30:14.991"
argv: node /usr/local/bin/hexo server
os: Linux 3.13.0-24-generic linux ia32
versions:
  http_parser: "1.0"
  node: 0.10.25
  v8: 3.14.5.9
  ares: 1.10.0
  uv: 0.10.23
  zlib: 1.2.8
  modules: "11"
  openssl: 1.0.1f
  hexo: 2.8.3
---
[debug] 20:30:14.704 Config file loaded from /home/taylor/WebstormProjects/taylorblog/blog/_config.yml[debug] 20:30:14.707 Version info checked successfully[debug] 20:30:14.725 Loading database.[debug] 20:30:14.759 Processed: draft.md (2ms)[debug] 20:30:14.759 Processed: page.md (2ms)[debug] 20:30:14.760 Processed: photo.md (3ms)[debug] 20:30:14.760 Processed: post.md (2ms)[debug] 20:30:14.814 Plugin loaded successfully: hexo-renderer-ejs[debug] 20:30:14.831 Plugin loaded successfully: hexo-renderer-marked[debug] 20:30:14.936 Plugin loaded successfully: hexo-renderer-stylus[debug] 20:30:14.955 Processed: _posts/hello-world.md (3ms)[debug] 20:30:14.971 Processed: source/favicon.ico (0ms)[debug] 20:30:14.971 Processed: source/fancybox/blank.gif (0ms)[debug] 20:30:14.971 Processed: source/fancybox/fancybox_loading.gif (0ms)[debug] 20:30:14.972 Processed: source/fancybox/fancybox_loading@2x.gif (0ms)[debug] 20:30:14.972 Processed: source/fancybox/fancybox_overlay.png (0ms)[debug] 20:30:14.972 Processed: source/fancybox/fancybox_sprite.png (0ms)[debug] 20:30:14.972 Processed: source/fancybox/fancybox_sprite@2x.png (0ms)[debug] 20:30:14.972 Processed: source/fancybox/jquery.fancybox.css (0ms)[debug] 20:30:14.972 Processed: source/fancybox/jquery.fancybox.pack.js (0ms)[debug] 20:30:14.972 Processed: source/js/gallery.js (0ms)[debug] 20:30:14.972 Processed: source/js/jquery.imagesloaded.min.js (0ms)[debug] 20:30:14.972 Processed: source/css/style.styl (0ms)[debug] 20:30:14.972 Processed: source/css/_base/layout.styl (0ms)[debug] 20:30:14.972 Processed: source/css/_base/utils.styl (0ms)[debug] 20:30:14.973 Processed: source/css/_base/variable.styl (1ms)[debug] 20:30:14.973 Processed: source/css/_partial/archive.styl (0ms)[debug] 20:30:14.973 Processed: source/css/_partial/article.styl (0ms)[debug] 20:30:14.973 Processed: source/css/_partial/comment.styl (0ms)[debug] 20:30:14.973 Processed: source/css/_partial/footer.styl (0ms)[debug] 20:30:14.973 Processed: source/css/_partial/header.styl (0ms)[debug] 20:30:14.973 Processed: source/css/_partial/index.styl (0ms)[debug] 20:30:14.973 Processed: source/css/_partial/sidebar.styl (0ms)[debug] 20:30:14.973 Processed: source/css/_partial/syntax.styl (0ms)[debug] 20:30:14.973 Processed: source/css/font/fontawesome-webfont.eot (0ms)[debug] 20:30:14.973 Processed: source/css/font/fontawesome-webfont.svg (0ms)[debug] 20:30:14.973 Processed: source/css/font/fontawesome-webfont.ttf (0ms)[debug] 20:30:14.973 Processed: source/css/font/fontawesome-webfont.woff (0ms)[debug] 20:30:14.973 Processed: source/css/img/bg.jpg (0ms)[debug] 20:30:14.974 Processed: source/css/img/logo.png (1ms)[debug] 20:30:14.974 Processed: source/css/img/sprite-pagination.png (0ms)[debug] 20:30:14.974 Processed: source/css/img/themes-newone-2.png (0ms)[debug] 20:30:14.974 Processed: source/css/img/themes-newone.png (0ms)[debug] 20:30:14.974 Processed: source/css/img/themes-writing-2.png (0ms)[debug] 20:30:14.975 Processed: source/css/img/themes-writing.png (0ms)[debug] 20:30:14.978 Processed: layout/about.ejs (10ms)[debug] 20:30:14.978 Processed: layout/archive.ejs (10ms)[debug] 20:30:14.978 Processed: layout/category.ejs (10ms)[debug] 20:30:14.978 Processed: layout/layout.ejs (10ms)[debug] 20:30:14.978 Processed: layout/index.ejs (10ms)[debug] 20:30:14.978 Processed: layout/page.ejs (10ms)[debug] 20:30:14.978 Processed: layout/post.ejs (9ms)[debug] 20:30:14.978 Processed: layout/tag.ejs (9ms)[debug] 20:30:14.978 Processed: layout/_widget/recent_posts.ejs (9ms)[debug] 20:30:14.978 Processed: layout/_widget/category.ejs (9ms)[debug] 20:30:14.978 Processed: layout/_widget/search.ejs (9ms)[debug] 20:30:14.979 Processed: layout/_widget/tag.ejs (9ms)[debug] 20:30:14.979 Processed: layout/_widget/tagcloud.ejs (10ms)[debug] 20:30:14.979 Processed: layout/_partial/after_footer.ejs (10ms)[debug] 20:30:14.979 Processed: layout/_partial/about.ejs (10ms)[debug] 20:30:14.979 Processed: layout/_partial/archive.ejs (10ms)[debug] 20:30:14.979 Processed: layout/_partial/article.ejs (10ms)[debug] 20:30:14.979 Processed: layout/_partial/comment.ejs (9ms)[debug] 20:30:14.979 Processed: layout/_partial/duoshuo_comment.ejs (9ms)[debug] 20:30:14.979 Processed: layout/_partial/footer.ejs (9ms)[debug] 20:30:14.979 Processed: layout/_partial/google_analytics.ejs (9ms)[debug] 20:30:14.979 Processed: layout/_partial/head.ejs (9ms)[debug] 20:30:14.979 Processed: layout/_partial/header.ejs (9ms)[debug] 20:30:14.979 Processed: layout/_partial/pagination.ejs (9ms)[debug] 20:30:14.979 Processed: layout/_partial/sidebar.ejs (9ms)[debug] 20:30:14.979 Processed: layout/_partial/post/category.ejs (9ms)[debug] 20:30:14.979 Processed: layout/_partial/post/gallery.ejs (9ms)[debug] 20:30:14.979 Processed: layout/_partial/post/share.ejs (8ms)[debug] 20:30:14.979 Processed: layout/_partial/post/tag.ejs (8ms)[debug] 20:30:14.979 Processed: layout/_partial/post/title.ejs (8ms)[debug] 20:30:14.982 Theme config loaded[debug] 20:30:14.982 Processed: _config.yml (15ms)[debug] 20:30:14.982 Processed: languages/de.yml (15ms)[error] 20:30:14.984 { name: 'HexoError',
  reason: 'incomplete explicit mapping pair; a key node is missed',
  mark: 
   { name: null,
     buffer: 'categories: Categories\nsearch: Search\ntags: Tags\ntagcloud: Tag Cloud\ntweets: Tweets\nprev: Prev\nnext: Next\ncomment: Comments\narchive_a: Archives\narchive_b: Archives: %s\npage: Page %d\nrecent_posts: Recent Posts\n\u0000',
     position: 163,
     line: 9,
     column: 19 },
  message: 'Process failed: languages/default.yml',
  domain: 
   { domain: null,
     _events: { error: [Function] },
     _maxListeners: 10,
     members: [ [Object] ] },
  domainThrown: true,
  stack: undefined }[debug] 20:30:14.991 Processed: languages/zh-CN.yml (23ms)[debug] 20:30:14.991 Processed: languages/zh-TW.yml (23ms)